update-alternatives 2022-02-21 22:56:47: run with --quiet --install /usr/bin/awk awk /usr/bin/mawk 5 --slave /usr/share/man/man1/awk.1.gz awk.1.gz /usr/share/man/man1/mawk.1.gz --slave /usr/bin/nawk nawk /usr/bin/mawk --slave /usr/share/man/man1/nawk.1.gz nawk.1.gz /usr/share/man/man1/mawk.1.gz
update-alternatives 2022-02-21 22:56:47: link group awk updated to point to /usr/bin/mawk
update-alternatives 2022-02-21 22:56:50: run with --quiet --install /usr/bin/awk awk /usr/bin/mawk 5 --slave /usr/share/man/man1/awk.1.gz awk.1.gz /usr/share/man/man1/mawk.1.gz --slave /usr/bin/nawk nawk /usr/bin/mawk --slave /usr/share/man/man1/nawk.1.gz nawk.1.gz /usr/share/man/man1/mawk.1.gz
update-alternatives 2022-02-21 22:56:51: run with --install /usr/share/man/man7/builtins.7.gz builtins.7.gz /usr/share/man/man7/bash-builtins.7.gz 10
update-alternatives 2022-02-21 22:56:51: link group builtins.7.gz updated to point to /usr/share/man/man7/bash-builtins.7.gz
update-alternatives 2022-02-21 22:56:51: run with --install /usr/sbin/rmt rmt /usr/sbin/rmt-tar 50 --slave /usr/share/man/man8/rmt.8.gz rmt.8.gz /usr/share/man/man8/rmt-tar.8.gz
update-alternatives 2022-02-21 22:56:51: link group rmt updated to point to /usr/sbin/rmt-tar
update-alternatives 2022-02-21 22:56:51: run with --install /usr/bin/w w /usr/bin/w.procps 50 --slave /usr/share/man/man1/w.1.gz w.1.gz /usr/share/man/man1/w.procps.1.gz
update-alternatives 2022-02-21 22:56:51: link group w updated to point to /usr/bin/w.procps
update-alternatives 2022-02-21 22:56:52: run with --install /usr/bin/pager pager /bin/more 50 --slave /usr/share/man/man1/pager.1.gz pager.1.gz /usr/share/man/man1/more.1.gz
update-alternatives 2022-02-21 22:56:52: link group pager updated to point to /bin/more
update-alternatives 2022-02-21 22:56:52: run with --remove pager /usr/bin/pg
update-alternatives 2022-02-21 22:57:01: run with --remove builtins.7.gz /usr/share/man/man7/bash-builtins.7.gz
update-alternatives 2022-02-21 22:57:01: link group builtins.7.gz fully removed
update-alternatives 2022-02-21 22:58:49: run with --quiet --install /usr/bin/awk awk /usr/bin/mawk 5 --slave /usr/share/man/man1/awk.1.gz awk.1.gz /usr/share/man/man1/mawk.1.gz --slave /usr/bin/nawk nawk /usr/bin/mawk --slave /usr/share/man/man1/nawk.1.gz nawk.1.gz /usr/share/man/man1/mawk.1.gz
update-alternatives 2022-02-21 22:58:49: auto-repair link group awk
update-alternatives 2022-02-21 22:58:58: run with --install /usr/bin/w w /usr/bin/w.procps 50 --slave /usr/share/man/man1/w.1.gz w.1.gz /usr/share/man/man1/w.procps.1.gz
update-alternatives 2022-02-21 22:58:58: auto-repair link group w
update-alternatives 2022-02-21 22:59:04: run with --install /usr/sbin/rmt rmt /usr/sbin/rmt-tar 50 --slave /usr/share/man/man8/rmt.8.gz rmt.8.gz /usr/share/man/man8/rmt-tar.8.gz
update-alternatives 2022-02-21 22:59:04: auto-repair link group rmt
update-alternatives 2022-02-21 22:59:06: run with --install /usr/bin/pager pager /bin/more 50 --slave /usr/share/man/man1/pager.1.gz pager.1.gz /usr/share/man/man1/more.1.gz
update-alternatives 2022-02-21 22:59:06: auto-repair link group pager
update-alternatives 2022-02-21 22:59:06: run with --remove pager /usr/bin/pg
update-alternatives 2022-02-21 22:59:14: run with --install /usr/sbin/rmt rmt /usr/sbin/rmt-tar 50 --slave /usr/share/man/man8/rmt.8.gz rmt.8.gz /usr/share/man/man8/rmt-tar.8.gz
update-alternatives 2022-02-21 22:59:15: run with --install /usr/bin/pager pager /bin/more 50 --slave /usr/share/man/man1/pager.1.gz pager.1.gz /usr/share/man/man1/more.1.gz
update-alternatives 2022-02-21 22:59:15: run with --remove pager /usr/bin/pg
update-alternatives 2022-02-21 22:59:17: run with --install /usr/bin/w w /usr/bin/w.procps 50 --slave /usr/share/man/man1/w.1.gz w.1.gz /usr/share/man/man1/w.procps.1.gz
update-alternatives 2024-12-17 16:47:06: run with --install /usr/sbin/rmt rmt /usr/sbin/rmt-tar 50 --slave /usr/share/man/man8/rmt.8.gz rmt.8.gz /usr/share/man/man8/rmt-tar.8.gz
update-alternatives 2024-12-17 16:47:18: run with --install /usr/bin/pager pager /bin/more 50 --slave /usr/share/man/man1/pager.1.gz pager.1.gz /usr/share/man/man1/more.1.gz
update-alternatives 2024-12-17 16:47:18: run with --remove pager /usr/bin/pg
update-alternatives 2024-12-17 16:47:32: run with --install /usr/bin/w w /usr/bin/w.procps 50 --slave /usr/share/man/man1/w.1.gz w.1.gz /usr/share/man/man1/w.procps.1.gz
update-alternatives 2024-12-17 23:51:30: run with --install /usr/bin/lzma lzma /usr/bin/xz 20 --slave /usr/share/man/man1/lzma.1.gz lzma.1.gz /usr/share/man/man1/xz.1.gz --slave /usr/bin/unlzma unlzma /usr/bin/unxz --slave /usr/share/man/man1/unlzma.1.gz unlzma.1.gz /usr/share/man/man1/unxz.1.gz --slave /usr/bin/lzcat lzcat /usr/bin/xzcat --slave /usr/share/man/man1/lzcat.1.gz lzcat.1.gz /usr/share/man/man1/xzcat.1.gz --slave /usr/bin/lzmore lzmore /usr/bin/xzmore --slave /usr/share/man/man1/lzmore.1.gz lzmore.1.gz /usr/share/man/man1/xzmore.1.gz --slave /usr/bin/lzless lzless /usr/bin/xzless --slave /usr/share/man/man1/lzless.1.gz lzless.1.gz /usr/share/man/man1/xzless.1.gz --slave /usr/bin/lzdiff lzdiff /usr/bin/xzdiff --slave /usr/share/man/man1/lzdiff.1.gz lzdiff.1.gz /usr/share/man/man1/xzdiff.1.gz --slave /usr/bin/lzcmp lzcmp /usr/bin/xzcmp --slave /usr/share/man/man1/lzcmp.1.gz lzcmp.1.gz /usr/share/man/man1/xzcmp.1.gz --slave /usr/bin/lzgrep lzgrep /usr/bin/xzgrep --slave /usr/share/man/man1/lzgrep.1.gz lzgrep.1.gz /usr/share/man/man1/xzgrep.1.gz --slave /usr/bin/lzegrep lzegrep /usr/bin/xzegrep --slave /usr/share/man/man1/lzegrep.1.gz lzegrep.1.gz /usr/share/man/man1/xzegrep.1.gz --slave /usr/bin/lzfgrep lzfgrep /usr/bin/xzfgrep --slave /usr/share/man/man1/lzfgrep.1.gz lzfgrep.1.gz /usr/share/man/man1/xzfgrep.1.gz
update-alternatives 2024-12-17 23:51:30: link group lzma updated to point to /usr/bin/xz
update-alternatives 2024-12-17 23:51:32: run with --quiet --install /usr/bin/pinentry pinentry /usr/bin/pinentry-curses 50 --slave /usr/share/man/man1/pinentry.1.gz pinentry.1.gz /usr/share/man/man1/pinentry-curses.1.gz
update-alternatives 2024-12-17 23:51:32: link group pinentry updated to point to /usr/bin/pinentry-curses
update-alternatives 2024-12-17 23:54:55: run with --install /usr/bin/write write /usr/bin/bsd-write 100 --slave /usr/share/man/man1/write.1.gz write.1.gz /usr/share/man/man1/bsd-write.1.gz
update-alternatives 2024-12-17 23:54:55: link group write updated to point to /usr/bin/bsd-write
update-alternatives 2024-12-17 23:54:55: run with --install /usr/bin/from from /usr/bin/bsd-from 10 --slave /usr/share/man/man1/from.1.gz from.1.gz /usr/share/man/man1/bsd-from.1.gz
update-alternatives 2024-12-17 23:54:55: link group from updated to point to /usr/bin/bsd-from
update-alternatives 2024-12-17 23:54:55: run with --install /usr/bin/www-browser www-browser /usr/bin/lynx 40 --slave /usr/share/man/man1/www-browser.1.gz www-browser.1.gz /usr/share/man/man1/lynx.1.gz
update-alternatives 2024-12-17 23:54:55: link group www-browser updated to point to /usr/bin/lynx
update-alternatives 2024-12-17 23:58:29: run with --quiet --install /usr/bin/pager pager /usr/bin/less 77 --slave /usr/share/man/man1/pager.1.gz pager.1.gz /usr/share/man/man1/less.1.gz
update-alternatives 2024-12-17 23:58:29: link group pager updated to point to /usr/bin/less
update-alternatives 2024-12-17 23:58:29: run with --quiet --remove pager /bin/less
update-alternatives 2024-12-17 23:58:29: run with --quiet --install /usr/bin/rsh rsh /usr/bin/ssh 20 --slave /usr/share/man/man1/rsh.1.gz rsh.1.gz /usr/share/man/man1/ssh.1.gz
update-alternatives 2024-12-17 23:58:29: link group rsh updated to point to /usr/bin/ssh
update-alternatives 2024-12-17 23:58:29: run with --quiet --install /usr/bin/rlogin rlogin /usr/bin/slogin 20 --slave /usr/share/man/man1/rlogin.1.gz rlogin.1.gz /usr/share/man/man1/slogin.1.gz
update-alternatives 2024-12-17 23:58:29: link group rlogin updated to point to /usr/bin/slogin
update-alternatives 2024-12-17 23:58:29: run with --quiet --install /usr/bin/rcp rcp /usr/bin/scp 20 --slave /usr/share/man/man1/rcp.1.gz rcp.1.gz /usr/share/man/man1/scp.1.gz
update-alternatives 2024-12-17 23:58:29: link group rcp updated to point to /usr/bin/scp
update-alternatives 2024-12-18 00:20:58: run with --install /usr/bin/js js /usr/bin/nodejs 200 --slave /usr/share/man/man1/js.1.gz js.1.gz /usr/share/man/man1/nodejs.1.gz
update-alternatives 2024-12-18 00:20:58: link group js updated to point to /usr/bin/nodejs
update-alternatives 2024-12-18 00:22:49: run with --quiet --install /usr/bin/c++ c++ /usr/bin/clang++ 10
update-alternatives 2024-12-18 00:22:49: link group c++ updated to point to /usr/bin/clang++
update-alternatives 2024-12-18 00:22:49: run with --quiet --install /usr/bin/cc cc /usr/bin/clang 10
update-alternatives 2024-12-18 00:22:49: link group cc updated to point to /usr/bin/clang
update-alternatives 2024-12-18 00:22:49: run with --quiet --install /usr/bin/c89 c89 /usr/bin/clang 10
update-alternatives 2024-12-18 00:22:49: link group c89 updated to point to /usr/bin/clang
update-alternatives 2024-12-18 00:22:49: run with --quiet --install /usr/bin/c99 c99 /usr/bin/clang 10
update-alternatives 2024-12-18 00:22:49: link group c99 updated to point to /usr/bin/clang
